Build started 12/17/2016 2:08:14 AM.
     1>Project "C:\Users\cizuss94\Downloads\lab_SPG_4_student\lab_SPG_4_student\lab_SPG_4.vcxproj" on node 2 (Build target(s)).
     1>PreBuildEvent:
         copy "C:\Users\cizuss94\Downloads\lab_SPG_4_student\lab_SPG_4_student\dependente\freeglut\freeglut.dll" "C:\Users\cizuss94\Downloads\lab_SPG_4_student\lab_SPG_4_student\Debug"
         copy "C:\Users\cizuss94\Downloads\lab_SPG_4_student\lab_SPG_4_student\dependente\glew\glew32.dll" "C:\Users\cizuss94\Downloads\lab_SPG_4_student\lab_SPG_4_student\Debug"
         
         :VCEnd
                 1 file(s) copied.
                 1 file(s) copied.
       ClCompile:
         C:\Program Files (x86)\Microsoft Visual Studio 12.0\VC\bin\CL.exe /c /ZI /nologo /W3 /WX- /Od /Oy- /D _MBCS /Gm /EHsc /RTC1 /MDd /GS /fp:precise /Zc:wchar_t /Zc:forScope /Fo"Debug\\" /Fd"Debug\vc120.pdb" /Gd /TP /analyze- /errorReport:prompt main.cpp
         main.cpp
     1>c:\users\cizuss94\downloads\lab_spg_4_student\lab_spg_4_student\lab_mesh_loader.hpp(43): warning C4244: 'initializing' : conversion from 'double' to 'const float', possible loss of data
     1>c:\users\cizuss94\downloads\lab_spg_4_student\lab_spg_4_student\lab_mesh_loader.hpp(44): warning C4244: 'initializing' : conversion from 'double' to 'const float', possible loss of data
     1>c:\users\cizuss94\downloads\lab_spg_4_student\lab_spg_4_student\lab_mesh_loader.hpp(53): warning C4018: '<' : signed/unsigned mismatch
     1>c:\users\cizuss94\downloads\lab_spg_4_student\lab_spg_4_student\lab_mesh_loader.hpp(54): warning C4244: 'initializing' : conversion from 'double' to 'const float', possible loss of data
     1>c:\users\cizuss94\downloads\lab_spg_4_student\lab_spg_4_student\lab_mesh_loader.hpp(55): warning C4244: 'initializing' : conversion from 'double' to 'const float', possible loss of data
     1>c:\users\cizuss94\downloads\lab_spg_4_student\lab_spg_4_student\lab_mesh_loader.hpp(56): warning C4244: 'initializing' : conversion from 'double' to 'const float', possible loss of data
     1>c:\users\cizuss94\downloads\lab_spg_4_student\lab_spg_4_student\lab_mesh_loader.hpp(72): warning C4018: '<' : signed/unsigned mismatch
     1>c:\users\cizuss94\downloads\lab_spg_4_student\lab_spg_4_student\main.cpp(125): warning C4244: 'initializing' : conversion from 'double' to 'const GLfloat', possible loss of data
     1>c:\users\cizuss94\downloads\lab_spg_4_student\lab_spg_4_student\main.cpp(141): warning C4018: '<' : signed/unsigned mismatch
     1>c:\users\cizuss94\downloads\lab_spg_4_student\lab_spg_4_student\main.cpp(143): warning C4244: '=' : conversion from 'double' to 'GLfloat', possible loss of data
     1>c:\users\cizuss94\downloads\lab_spg_4_student\lab_spg_4_student\main.cpp(144): warning C4244: '=' : conversion from 'double' to 'GLfloat', possible loss of data
     1>c:\users\cizuss94\downloads\lab_spg_4_student\lab_spg_4_student\main.cpp(158): warning C4244: '=' : conversion from 'double' to 'GLfloat', possible loss of data
     1>c:\users\cizuss94\downloads\lab_spg_4_student\lab_spg_4_student\main.cpp(159): warning C4244: '=' : conversion from 'double' to 'GLfloat', possible loss of data
     1>c:\users\cizuss94\downloads\lab_spg_4_student\lab_spg_4_student\main.cpp(188): warning C4244: 'initializing' : conversion from 'double' to 'float', possible loss of data
     1>c:\users\cizuss94\downloads\lab_spg_4_student\lab_spg_4_student\main.cpp(245): warning C4244: 'initializing' : conversion from 'double' to 'float', possible loss of data
     1>c:\users\cizuss94\downloads\lab_spg_4_student\lab_spg_4_student\main.cpp(246): warning C4244: 'initializing' : conversion from 'double' to 'float', possible loss of data
     1>c:\users\cizuss94\downloads\lab_spg_4_student\lab_spg_4_student\main.cpp(247): warning C4305: 'initializing' : truncation from 'double' to 'float'
     1>c:\users\cizuss94\downloads\lab_spg_4_student\lab_spg_4_student\main.cpp(252): warning C4101: 'vn' : unreferenced local variable
     1>c:\users\cizuss94\downloads\lab_spg_4_student\lab_spg_4_student\main.cpp(252): warning C4101: 'v' : unreferenced local variable
     1>c:\users\cizuss94\downloads\lab_spg_4_student\lab_spg_4_student\main.cpp(252): warning C4101: 'u' : unreferenced local variable
     1>c:\users\cizuss94\downloads\lab_spg_4_student\lab_spg_4_student\main.cpp(240): warning C4101: 's' : unreferenced local variable
     1>c:\users\cizuss94\downloads\lab_spg_4_student\lab_spg_4_student\main.cpp(252): warning C4101: 'un' : unreferenced local variable
     1>c:\users\cizuss94\downloads\lab_spg_4_student\lab_spg_4_student\main.cpp(240): warning C4101: 'r' : unreferenced local variable
       Link:
         C:\Program Files (x86)\Microsoft Visual Studio 12.0\VC\bin\link.exe /ERRORREPORT:PROMPT /OUT:"Debug\lab_SPG_4.exe" /INCREMENTAL /NOLOGO /LIBPATH:dependente\freeglut /LIBPATH:dependente\glew opengl32.lib freeglut.lib glew32.lib kernel32.lib user32.lib gdi32.lib winspool.lib comdlg32.lib advapi32.lib shell32.lib ole32.lib oleaut32.lib uuid.lib odbc32.lib odbccp32.lib /MANIFEST /MANIFESTUAC:"level='asInvoker' uiAccess='false'" /manifest:embed /DEBUG /PDB:"Debug\lab_SPG_4.pdb" /TLBID:1 /DYNAMICBASE /NXCOMPAT /IMPLIB:"Debug\lab_SPG_4.lib" /MACHINE:X86 Debug\main.obj
         lab_SPG_4.vcxproj -> C:\Users\cizuss94\Downloads\lab_SPG_4_student\lab_SPG_4_student\Debug\lab_SPG_4.exe
     1>Done Building Project "C:\Users\cizuss94\Downloads\lab_SPG_4_student\lab_SPG_4_student\lab_SPG_4.vcxproj" (Build target(s)).

Build succeeded.

Time Elapsed 00:00:02.95
